[SERVER] INFO: Iniciando Base de Datos
[SERVER] INFO: Se encontraron un total de 1 tablas en la base de datos
[SERVER] SUCCESS: Base de Datos iniciada
[SERVER] INFO: Iniciando Instancia
[SERVER] INFO: Iniciando Base de Datos
[SERVER] INFO: Se encontraron un total de 1 tablas en la base de datos
[SERVER] SUCCESS: Base de Datos iniciada
[SERVER] SUCCESS: Servidor iniciado en segundo plano sobre la siguiente dirección: http://localhost:1234
[SERVER] INFO: Iniciando Base de Datos
[SERVER] INFO: Se encontraron un total de 1 tablas en la base de datos
[SERVER] SUCCESS: Base de Datos iniciada
[SERVER] INFO: Iniciando Instancia
[SERVER] INFO: Iniciando Base de Datos
[SERVER] INFO: Se encontraron un total de 1 tablas en la base de datos
[SERVER] SUCCESS: Base de Datos iniciada
[SERVER] SUCCESS: Servidor iniciado en segundo plano sobre la siguiente dirección: http://localhost:1234
[SERVER] INFO: Se ha conectado con ('127.0.0.1', 35142)
[SERVER] INFO: Se ejecutó la función: index
[SERVER] INFO: Iniciando Base de Datos
[SERVER] INFO: Se encontraron un total de 1 tablas en la base de datos
[SERVER] SUCCESS: Base de Datos iniciada
[SERVER] INFO: Se ha conectado con ('127.0.0.1', 46678)
[SERVER] INFO: Se ha conectado con ('127.0.0.1', 46688)
[SERVER] INFO: Se ejecutó la función: index
[SERVER] INFO: Iniciando Base de Datos
[SERVER] INFO: Se encontraron un total de 1 tablas en la base de datos
[SERVER] SUCCESS: Base de Datos iniciada
[SERVER] INFO: Se ha conectado con ('127.0.0.1', 46690)
[SERVER] INFO: Iniciando Base de Datos
[SERVER] INFO: Se encontraron un total de 1 tablas en la base de datos
[SERVER] SUCCESS: Base de Datos iniciada
[SERVER] INFO: Iniciando Instancia
[SERVER] INFO: Iniciando Base de Datos
[SERVER] INFO: Se encontraron un total de 1 tablas en la base de datos
[SERVER] SUCCESS: Base de Datos iniciada
[SERVER] ERROR: [Errno 98] Address already in use
[SERVER] ERROR: Error al iniciar el servidor web
[SERVER] INFO: Iniciando Base de Datos
[SERVER] INFO: Se encontraron un total de 1 tablas en la base de datos
[SERVER] SUCCESS: Base de Datos iniciada
[SERVER] INFO: Iniciando Instancia
[SERVER] INFO: Iniciando Base de Datos
[SERVER] INFO: Se encontraron un total de 1 tablas en la base de datos
[SERVER] SUCCESS: Base de Datos iniciada
[SERVER] ERROR: [Errno 98] Address already in use
[SERVER] ERROR: Error al iniciar el servidor web
[SERVER] INFO: Iniciando Base de Datos
[SERVER] INFO: Se encontraron un total de 1 tablas en la base de datos
[SERVER] SUCCESS: Base de Datos iniciada
[SERVER] INFO: Iniciando Instancia
[SERVER] INFO: Iniciando Base de Datos
[SERVER] INFO: Se encontraron un total de 1 tablas en la base de datos
[SERVER] SUCCESS: Base de Datos iniciada
[SERVER] ERROR: [Errno 98] Address already in use
[SERVER] ERROR: Error al iniciar el servidor web
[SERVER] INFO: Iniciando Base de Datos
[SERVER] INFO: Se encontraron un total de 1 tablas en la base de datos
[SERVER] SUCCESS: Base de Datos iniciada
[SERVER] INFO: Iniciando Instancia
[SERVER] INFO: Iniciando Base de Datos
[SERVER] INFO: Se encontraron un total de 1 tablas en la base de datos
[SERVER] SUCCESS: Base de Datos iniciada
[SERVER] ERROR: [Errno 98] Address already in use
[SERVER] ERROR: Error al iniciar el servidor web
[SERVER] INFO: Iniciando Base de Datos
[SERVER] INFO: Se encontraron un total de 1 tablas en la base de datos
[SERVER] SUCCESS: Base de Datos iniciada
[SERVER] INFO: Iniciando Instancia
[SERVER] INFO: Iniciando Base de Datos
[SERVER] INFO: Se encontraron un total de 1 tablas en la base de datos
[SERVER] SUCCESS: Base de Datos iniciada
[SERVER] ERROR: [Errno 98] Address already in use
[SERVER] ERROR: Error al iniciar el servidor web
[SERVER] INFO: Iniciando Base de Datos
[SERVER] INFO: Se encontraron un total de 1 tablas en la base de datos
[SERVER] SUCCESS: Base de Datos iniciada
[SERVER] INFO: Iniciando Instancia
[SERVER] INFO: Iniciando Base de Datos
[SERVER] INFO: Se encontraron un total de 1 tablas en la base de datos
[SERVER] SUCCESS: Base de Datos iniciada
[SERVER] ERROR: [Errno 98] Address already in use
[SERVER] ERROR: Error al iniciar el servidor web
[SERVER] INFO: Iniciando Base de Datos
[SERVER] INFO: Se encontraron un total de 1 tablas en la base de datos
[SERVER] SUCCESS: Base de Datos iniciada
[SERVER] INFO: Iniciando Instancia
[SERVER] INFO: Iniciando Base de Datos
[SERVER] INFO: Se encontraron un total de 1 tablas en la base de datos
[SERVER] SUCCESS: Base de Datos iniciada
[SERVER] ERROR: [Errno 98] Address already in use
[SERVER] ERROR: Error al iniciar el servidor web
[SERVER] INFO: Iniciando Base de Datos
[SERVER] INFO: Se encontraron un total de 1 tablas en la base de datos
[SERVER] SUCCESS: Base de Datos iniciada
[SERVER] INFO: Iniciando Instancia
[SERVER] INFO: Iniciando Base de Datos
[SERVER] INFO: Se encontraron un total de 1 tablas en la base de datos
[SERVER] SUCCESS: Base de Datos iniciada
[SERVER] ERROR: [Errno 98] Address already in use
[SERVER] ERROR: Error al iniciar el servidor web
[SERVER] INFO: Iniciando Base de Datos
[SERVER] INFO: Se encontraron un total de 1 tablas en la base de datos
[SERVER] SUCCESS: Base de Datos iniciada
[SERVER] INFO: Iniciando Instancia
[SERVER] INFO: Iniciando Base de Datos
[SERVER] INFO: Se encontraron un total de 1 tablas en la base de datos
[SERVER] SUCCESS: Base de Datos iniciada
[SERVER] ERROR: [Errno 98] Address already in use
[SERVER] ERROR: Error al iniciar el servidor web
[SERVER] INFO: Iniciando Base de Datos
[SERVER] INFO: Se encontraron un total de 1 tablas en la base de datos
[SERVER] SUCCESS: Base de Datos iniciada
[SERVER] INFO: Iniciando Instancia
[SERVER] INFO: Iniciando Base de Datos
[SERVER] INFO: Se encontraron un total de 1 tablas en la base de datos
[SERVER] SUCCESS: Base de Datos iniciada
[SERVER] ERROR: [Errno 98] Address already in use
[SERVER] ERROR: Error al iniciar el servidor web
[SERVER] INFO: Iniciando Base de Datos
[SERVER] INFO: Se encontraron un total de 1 tablas en la base de datos
[SERVER] SUCCESS: Base de Datos iniciada
[SERVER] INFO: Iniciando Instancia
[SERVER] INFO: Iniciando Base de Datos
[SERVER] INFO: Se encontraron un total de 1 tablas en la base de datos
[SERVER] SUCCESS: Base de Datos iniciada
[SERVER] ERROR: [Errno 98] Address already in use
[SERVER] ERROR: Error al iniciar el servidor web
[SERVER] INFO: Iniciando Base de Datos
[SERVER] INFO: Se encontraron un total de 1 tablas en la base de datos
[SERVER] SUCCESS: Base de Datos iniciada
[SERVER] INFO: Iniciando Instancia
[SERVER] INFO: Iniciando Base de Datos
[SERVER] INFO: Se encontraron un total de 1 tablas en la base de datos
[SERVER] SUCCESS: Base de Datos iniciada
[SERVER] SUCCESS: Servidor iniciado en segundo plano sobre la siguiente dirección: http://localhost:1234
[SERVER] INFO: Iniciando Base de Datos
[SERVER] INFO: Se encontraron un total de 1 tablas en la base de datos
[SERVER] SUCCESS: Base de Datos iniciada
[SERVER] INFO: Iniciando Instancia
[SERVER] INFO: Iniciando Base de Datos
[SERVER] INFO: Se encontraron un total de 1 tablas en la base de datos
[SERVER] SUCCESS: Base de Datos iniciada
[SERVER] SUCCESS: Servidor iniciado en segundo plano sobre la siguiente dirección: http://localhost:1234
[SERVER] INFO: Se ha conectado con ('127.0.0.1', 52694)
[SERVER] ERROR: Error al manejar la conexión: signal only works in main thread of the main interpreter
[SERVER] INFO: Se ha conectado con ('127.0.0.1', 52704)
[SERVER] ERROR: Error al manejar la conexión: signal only works in main thread of the main interpreter
[SERVER] INFO: Se ha conectado con ('127.0.0.1', 52714)
[SERVER] ERROR: Error al manejar la conexión: signal only works in main thread of the main interpreter
[SERVER] INFO: Se ha conectado con ('127.0.0.1', 52726)
[SERVER] ERROR: Error al manejar la conexión: signal only works in main thread of the main interpreter
[SERVER] INFO: Se ha conectado con ('127.0.0.1', 52728)
[SERVER] ERROR: Error al manejar la conexión: signal only works in main thread of the main interpreter
[SERVER] INFO: Se ha conectado con ('127.0.0.1', 52740)
[SERVER] ERROR: Error al manejar la conexión: signal only works in main thread of the main interpreter
[SERVER] INFO: Se ha conectado con ('127.0.0.1', 52752)
[SERVER] ERROR: Error al manejar la conexión: signal only works in main thread of the main interpreter
[SERVER] INFO: Se ha conectado con ('127.0.0.1', 52756)
[SERVER] ERROR: Error al manejar la conexión: signal only works in main thread of the main interpreter
[SERVER] INFO: Se ha conectado con ('127.0.0.1', 52772)
[SERVER] ERROR: Error al manejar la conexión: signal only works in main thread of the main interpreter
[SERVER] INFO: Se ha conectado con ('127.0.0.1', 52784)
[SERVER] ERROR: Error al manejar la conexión: signal only works in main thread of the main interpreter
[SERVER] INFO: Se ha conectado con ('127.0.0.1', 52792)
[SERVER] ERROR: Error al manejar la conexión: signal only works in main thread of the main interpreter
[SERVER] INFO: Se ha conectado con ('127.0.0.1', 52806)
[SERVER] ERROR: Error al manejar la conexión: signal only works in main thread of the main interpreter
[SERVER] INFO: Se ha conectado con ('127.0.0.1', 52814)
[SERVER] ERROR: Error al manejar la conexión: signal only works in main thread of the main interpreter
[SERVER] INFO: Se ha conectado con ('127.0.0.1', 52820)
[SERVER] ERROR: Error al manejar la conexión: signal only works in main thread of the main interpreter
[SERVER] INFO: Se ha conectado con ('127.0.0.1', 52826)
[SERVER] ERROR: Error al manejar la conexión: signal only works in main thread of the main interpreter
[SERVER] INFO: Se ha conectado con ('127.0.0.1', 52834)
[SERVER] ERROR: Error al manejar la conexión: signal only works in main thread of the main interpreter
[SERVER] INFO: Se ha conectado con ('127.0.0.1', 52838)
[SERVER] ERROR: Error al manejar la conexión: signal only works in main thread of the main interpreter
[SERVER] INFO: Se ha conectado con ('127.0.0.1', 52844)
[SERVER] ERROR: Error al manejar la conexión: signal only works in main thread of the main interpreter
[SERVER] INFO: Se ha conectado con ('127.0.0.1', 52848)
[SERVER] ERROR: Error al manejar la conexión: signal only works in main thread of the main interpreter
[SERVER] INFO: Se ha conectado con ('127.0.0.1', 52852)
[SERVER] ERROR: Error al manejar la conexión: signal only works in main thread of the main interpreter
[SERVER] INFO: Iniciando Base de Datos
[SERVER] INFO: Se encontraron un total de 1 tablas en la base de datos
[SERVER] SUCCESS: Base de Datos iniciada
[SERVER] INFO: Iniciando Instancia
[SERVER] INFO: Iniciando Base de Datos
[SERVER] INFO: Se encontraron un total de 1 tablas en la base de datos
[SERVER] SUCCESS: Base de Datos iniciada
[SERVER] SUCCESS: Servidor iniciado en segundo plano sobre la siguiente dirección: http://localhost:1234
[SERVER] INFO: Se ha conectado con ('127.0.0.1', 34780)
[SERVER] INFO: Se ejecutó la función: index
[SERVER] INFO: Iniciando Base de Datos
[SERVER] INFO: Se encontraron un total de 1 tablas en la base de datos
[SERVER] SUCCESS: Base de Datos iniciada
[SERVER] INFO: Se ha conectado con ('127.0.0.1', 34790)
[SERVER] INFO: Iniciando Base de Datos
[SERVER] INFO: Se encontraron un total de 1 tablas en la base de datos
[SERVER] SUCCESS: Base de Datos iniciada
[SERVER] INFO: Iniciando Instancia
[SERVER] INFO: Iniciando Base de Datos
[SERVER] INFO: Se encontraron un total de 1 tablas en la base de datos
[SERVER] SUCCESS: Base de Datos iniciada
[SERVER] ERROR: [Errno 98] Address already in use
[SERVER] ERROR: Error al iniciar el servidor web
[SERVER] INFO: Iniciando Base de Datos
[SERVER] INFO: Se encontraron un total de 1 tablas en la base de datos
[SERVER] SUCCESS: Base de Datos iniciada
[SERVER] INFO: Iniciando Instancia
[SERVER] INFO: Iniciando Base de Datos
[SERVER] INFO: Se encontraron un total de 1 tablas en la base de datos
[SERVER] SUCCESS: Base de Datos iniciada
[SERVER] ERROR: [Errno 98] Address already in use
[SERVER] ERROR: Error al iniciar el servidor web
[SERVER] INFO: Iniciando Base de Datos
[SERVER] INFO: Se encontraron un total de 1 tablas en la base de datos
[SERVER] SUCCESS: Base de Datos iniciada
[SERVER] INFO: Iniciando Instancia
[SERVER] INFO: Iniciando Base de Datos
[SERVER] INFO: Se encontraron un total de 1 tablas en la base de datos
[SERVER] SUCCESS: Base de Datos iniciada
[SERVER] ERROR: [Errno 98] Address already in use
[SERVER] ERROR: Error al iniciar el servidor web
[SERVER] INFO: Iniciando Base de Datos
[SERVER] INFO: Se encontraron un total de 1 tablas en la base de datos
[SERVER] SUCCESS: Base de Datos iniciada
[SERVER] INFO: Iniciando Instancia
[SERVER] INFO: Iniciando Base de Datos
[SERVER] INFO: Se encontraron un total de 1 tablas en la base de datos
[SERVER] SUCCESS: Base de Datos iniciada
[SERVER] ERROR: [Errno 98] Address already in use
[SERVER] ERROR: Error al iniciar el servidor web
[SERVER] INFO: Iniciando Base de Datos
[SERVER] INFO: Se encontraron un total de 1 tablas en la base de datos
[SERVER] SUCCESS: Base de Datos iniciada
[SERVER] INFO: Iniciando Instancia
[SERVER] INFO: Iniciando Base de Datos
[SERVER] INFO: Se encontraron un total de 1 tablas en la base de datos
[SERVER] SUCCESS: Base de Datos iniciada
[SERVER] ERROR: [Errno 98] Address already in use
[SERVER] ERROR: Error al iniciar el servidor web
[SERVER] INFO: Iniciando Base de Datos
[SERVER] INFO: Se encontraron un total de 1 tablas en la base de datos
[SERVER] SUCCESS: Base de Datos iniciada
[SERVER] INFO: Iniciando Instancia
[SERVER] INFO: Iniciando Base de Datos
[SERVER] INFO: Se encontraron un total de 1 tablas en la base de datos
[SERVER] SUCCESS: Base de Datos iniciada
[SERVER] ERROR: [Errno 98] Address already in use
[SERVER] ERROR: Error al iniciar el servidor web
[SERVER] INFO: Iniciando Base de Datos
[SERVER] INFO: Se encontraron un total de 1 tablas en la base de datos
[SERVER] SUCCESS: Base de Datos iniciada
[SERVER] INFO: Iniciando Instancia
[SERVER] INFO: Iniciando Base de Datos
[SERVER] INFO: Se encontraron un total de 1 tablas en la base de datos
[SERVER] SUCCESS: Base de Datos iniciada
[SERVER] ERROR: [Errno 98] Address already in use
[SERVER] ERROR: Error al iniciar el servidor web
[SERVER] INFO: Iniciando Base de Datos
[SERVER] INFO: Se encontraron un total de 1 tablas en la base de datos
[SERVER] SUCCESS: Base de Datos iniciada
[SERVER] INFO: Iniciando Instancia
[SERVER] INFO: Iniciando Base de Datos
[SERVER] INFO: Se encontraron un total de 1 tablas en la base de datos
[SERVER] SUCCESS: Base de Datos iniciada
[SERVER] SUCCESS: Servidor iniciado en segundo plano sobre la siguiente dirección: http://localhost:1234
[SERVER] INFO: Deteniendo el servidor...
[SERVER] SUCCESS: Servidor detenido.
[SERVER] INFO: Iniciando Base de Datos
[SERVER] INFO: Se encontraron un total de 1 tablas en la base de datos
[SERVER] SUCCESS: Base de Datos iniciada
[SERVER] INFO: Iniciando Instancia
[SERVER] INFO: Iniciando Base de Datos
[SERVER] INFO: Se encontraron un total de 1 tablas en la base de datos
[SERVER] SUCCESS: Base de Datos iniciada
[SERVER] SUCCESS: Servidor iniciado en segundo plano sobre la siguiente dirección: http://localhost:1234
[SERVER] INFO: Se ha conectado con ('127.0.0.1', 46472)
[SERVER] INFO: Se ejecutó la función: index
[SERVER] INFO: Iniciando Base de Datos
[SERVER] INFO: Se encontraron un total de 1 tablas en la base de datos
[SERVER] SUCCESS: Base de Datos iniciada
[SERVER] INFO: Se ha conectado con ('127.0.0.1', 46484)
[SERVER] INFO: Deteniendo el servidor...
[SERVER] SUCCESS: Servidor detenido.
[SERVER] INFO: Iniciando Base de Datos
[SERVER] INFO: Se encontraron un total de 1 tablas en la base de datos
[SERVER] SUCCESS: Base de Datos iniciada
[SERVER] INFO: Iniciando Instancia
[SERVER] INFO: Iniciando Base de Datos
[SERVER] INFO: Se encontraron un total de 1 tablas en la base de datos
[SERVER] SUCCESS: Base de Datos iniciada
[SERVER] ERROR: [Errno 98] Address already in use
[SERVER] ERROR: Error al iniciar el servidor web
[SERVER] INFO: Deteniendo el servidor...
[SERVER] SUCCESS: Servidor detenido.
[SERVER] INFO: Iniciando Base de Datos
[SERVER] INFO: Se encontraron un total de 1 tablas en la base de datos
[SERVER] SUCCESS: Base de Datos iniciada
[SERVER] INFO: Iniciando Instancia
[SERVER] INFO: Iniciando Base de Datos
[SERVER] INFO: Se encontraron un total de 1 tablas en la base de datos
[SERVER] SUCCESS: Base de Datos iniciada
[SERVER] ERROR: [Errno 98] Address already in use
[SERVER] ERROR: Error al iniciar el servidor web
[SERVER] INFO: Deteniendo el servidor...
[SERVER] SUCCESS: Servidor detenido.
[SERVER] INFO: Iniciando Base de Datos
[SERVER] INFO: Se encontraron un total de 1 tablas en la base de datos
[SERVER] SUCCESS: Base de Datos iniciada
[SERVER] INFO: Iniciando Instancia
[SERVER] INFO: Iniciando Base de Datos
[SERVER] INFO: Se encontraron un total de 1 tablas en la base de datos
[SERVER] SUCCESS: Base de Datos iniciada
[SERVER] ERROR: [Errno 98] Address already in use
[SERVER] ERROR: Error al iniciar el servidor web
[SERVER] INFO: Deteniendo el servidor...
[SERVER] SUCCESS: Servidor detenido.
[SERVER] INFO: Iniciando Base de Datos
[SERVER] INFO: Se encontraron un total de 1 tablas en la base de datos
[SERVER] SUCCESS: Base de Datos iniciada
[SERVER] INFO: Iniciando Instancia
[SERVER] INFO: Iniciando Base de Datos
[SERVER] INFO: Se encontraron un total de 1 tablas en la base de datos
[SERVER] SUCCESS: Base de Datos iniciada
[SERVER] ERROR: [Errno 98] Address already in use
[SERVER] ERROR: Error al iniciar el servidor web
[SERVER] INFO: Deteniendo el servidor...
[SERVER] SUCCESS: Servidor detenido.
[SERVER] INFO: Iniciando Base de Datos
[SERVER] INFO: Se encontraron un total de 1 tablas en la base de datos
[SERVER] SUCCESS: Base de Datos iniciada
[SERVER] INFO: Iniciando Instancia
[SERVER] INFO: Iniciando Base de Datos
[SERVER] INFO: Se encontraron un total de 1 tablas en la base de datos
[SERVER] SUCCESS: Base de Datos iniciada
[SERVER] ERROR: [Errno 98] Address already in use
[SERVER] ERROR: Error al iniciar el servidor web
[SERVER] INFO: Deteniendo el servidor...
[SERVER] SUCCESS: Servidor detenido.
[SERVER] INFO: Iniciando Base de Datos
[SERVER] INFO: Se encontraron un total de 1 tablas en la base de datos
[SERVER] SUCCESS: Base de Datos iniciada
[SERVER] INFO: Iniciando Instancia
[SERVER] INFO: Iniciando Base de Datos
[SERVER] INFO: Se encontraron un total de 1 tablas en la base de datos
[SERVER] SUCCESS: Base de Datos iniciada
[SERVER] ERROR: [Errno 98] Address already in use
[SERVER] ERROR: Error al iniciar el servidor web
[SERVER] INFO: Deteniendo el servidor...
[SERVER] SUCCESS: Servidor detenido.
[SERVER] INFO: Iniciando Base de Datos
[SERVER] INFO: Se encontraron un total de 1 tablas en la base de datos
[SERVER] SUCCESS: Base de Datos iniciada
[SERVER] INFO: Iniciando Instancia
[SERVER] INFO: Iniciando Base de Datos
[SERVER] INFO: Se encontraron un total de 1 tablas en la base de datos
[SERVER] SUCCESS: Base de Datos iniciada
[SERVER] ERROR: [Errno 98] Address already in use
[SERVER] ERROR: Error al iniciar el servidor web
[SERVER] INFO: Deteniendo el servidor...
[SERVER] SUCCESS: Servidor detenido.
[SERVER] INFO: Iniciando Base de Datos
[SERVER] INFO: Se encontraron un total de 1 tablas en la base de datos
[SERVER] SUCCESS: Base de Datos iniciada
[SERVER] INFO: Iniciando Instancia
[SERVER] INFO: Iniciando Base de Datos
[SERVER] INFO: Se encontraron un total de 1 tablas en la base de datos
[SERVER] SUCCESS: Base de Datos iniciada
[SERVER] ERROR: [Errno 98] Address already in use
[SERVER] ERROR: Error al iniciar el servidor web
[SERVER] INFO: Deteniendo el servidor...
[SERVER] SUCCESS: Servidor detenido.
[SERVER] INFO: Iniciando Base de Datos
[SERVER] INFO: Se encontraron un total de 1 tablas en la base de datos
[SERVER] SUCCESS: Base de Datos iniciada
[SERVER] INFO: Iniciando Instancia
[SERVER] INFO: Iniciando Base de Datos
[SERVER] INFO: Se encontraron un total de 1 tablas en la base de datos
[SERVER] SUCCESS: Base de Datos iniciada
[SERVER] ERROR: [Errno 98] Address already in use
[SERVER] ERROR: Error al iniciar el servidor web
[SERVER] INFO: Deteniendo el servidor...
[SERVER] SUCCESS: Servidor detenido.
[SERVER] INFO: Iniciando Base de Datos
[SERVER] INFO: Se encontraron un total de 1 tablas en la base de datos
[SERVER] SUCCESS: Base de Datos iniciada
[SERVER] INFO: Iniciando Instancia
[SERVER] INFO: Iniciando Base de Datos
[SERVER] INFO: Se encontraron un total de 1 tablas en la base de datos
[SERVER] SUCCESS: Base de Datos iniciada
[SERVER] ERROR: [Errno 98] Address already in use
[SERVER] ERROR: Error al iniciar el servidor web
[SERVER] INFO: Deteniendo el servidor...
[SERVER] SUCCESS: Servidor detenido.
[SERVER] INFO: Iniciando Base de Datos
[SERVER] INFO: Se encontraron un total de 1 tablas en la base de datos
[SERVER] SUCCESS: Base de Datos iniciada
[SERVER] INFO: Iniciando Instancia
[SERVER] INFO: Iniciando Base de Datos
[SERVER] INFO: Se encontraron un total de 1 tablas en la base de datos
[SERVER] SUCCESS: Base de Datos iniciada
[SERVER] ERROR: [Errno 98] Address already in use
[SERVER] ERROR: Error al iniciar el servidor web
[SERVER] INFO: Deteniendo el servidor...
[SERVER] SUCCESS: Servidor detenido.
[SERVER] INFO: Iniciando Base de Datos
[SERVER] INFO: Se encontraron un total de 1 tablas en la base de datos
[SERVER] SUCCESS: Base de Datos iniciada
[SERVER] INFO: Iniciando Instancia
[SERVER] INFO: Iniciando Base de Datos
[SERVER] INFO: Se encontraron un total de 1 tablas en la base de datos
[SERVER] SUCCESS: Base de Datos iniciada
[SERVER] ERROR: [Errno 98] Address already in use
[SERVER] ERROR: Error al iniciar el servidor web
[SERVER] INFO: Deteniendo el servidor...
[SERVER] SUCCESS: Servidor detenido.
[SERVER] INFO: Iniciando Base de Datos
[SERVER] INFO: Se encontraron un total de 1 tablas en la base de datos
[SERVER] SUCCESS: Base de Datos iniciada
[SERVER] INFO: Iniciando Instancia
[SERVER] INFO: Iniciando Base de Datos
[SERVER] INFO: Se encontraron un total de 1 tablas en la base de datos
[SERVER] SUCCESS: Base de Datos iniciada
[SERVER] ERROR: [Errno 98] Address already in use
[SERVER] ERROR: Error al iniciar el servidor web
[SERVER] INFO: Deteniendo el servidor...
[SERVER] SUCCESS: Servidor detenido.
[SERVER] INFO: Iniciando Base de Datos
[SERVER] INFO: Se encontraron un total de 1 tablas en la base de datos
[SERVER] SUCCESS: Base de Datos iniciada
[SERVER] INFO: Iniciando Instancia
[SERVER] INFO: Iniciando Base de Datos
[SERVER] INFO: Se encontraron un total de 1 tablas en la base de datos
[SERVER] SUCCESS: Base de Datos iniciada
[SERVER] ERROR: [Errno 98] Address already in use
[SERVER] ERROR: Error al iniciar el servidor web
[SERVER] INFO: Deteniendo el servidor...
[SERVER] SUCCESS: Servidor detenido.
[SERVER] INFO: Iniciando Base de Datos
[SERVER] INFO: Se encontraron un total de 1 tablas en la base de datos
[SERVER] SUCCESS: Base de Datos iniciada
[SERVER] INFO: Iniciando Instancia
[SERVER] INFO: Iniciando Base de Datos
[SERVER] INFO: Se encontraron un total de 1 tablas en la base de datos
[SERVER] SUCCESS: Base de Datos iniciada
[SERVER] ERROR: [Errno 98] Address already in use
[SERVER] ERROR: Error al iniciar el servidor web
[SERVER] INFO: Deteniendo el servidor...
[SERVER] SUCCESS: Servidor detenido.
[SERVER] INFO: Iniciando Base de Datos
[SERVER] INFO: Se encontraron un total de 1 tablas en la base de datos
[SERVER] SUCCESS: Base de Datos iniciada
[SERVER] INFO: Iniciando Instancia
[SERVER] INFO: Iniciando Base de Datos
[SERVER] INFO: Se encontraron un total de 1 tablas en la base de datos
[SERVER] SUCCESS: Base de Datos iniciada
[SERVER] ERROR: [Errno 98] Address already in use
[SERVER] ERROR: Error al iniciar el servidor web
[SERVER] INFO: Deteniendo el servidor...
[SERVER] SUCCESS: Servidor detenido.
[SERVER] INFO: Iniciando Base de Datos
[SERVER] INFO: Se encontraron un total de 1 tablas en la base de datos
[SERVER] SUCCESS: Base de Datos iniciada
[SERVER] INFO: Iniciando Instancia
[SERVER] INFO: Iniciando Base de Datos
[SERVER] INFO: Se encontraron un total de 1 tablas en la base de datos
[SERVER] SUCCESS: Base de Datos iniciada
[SERVER] ERROR: [Errno 98] Address already in use
[SERVER] ERROR: Error al iniciar el servidor web
[SERVER] INFO: Deteniendo el servidor...
[SERVER] SUCCESS: Servidor detenido.
[SERVER] INFO: Iniciando Base de Datos
[SERVER] INFO: Se encontraron un total de 1 tablas en la base de datos
[SERVER] SUCCESS: Base de Datos iniciada
[SERVER] INFO: Iniciando Instancia
[SERVER] INFO: Iniciando Base de Datos
[SERVER] INFO: Se encontraron un total de 1 tablas en la base de datos
[SERVER] SUCCESS: Base de Datos iniciada
[SERVER] ERROR: [Errno 98] Address already in use
[SERVER] ERROR: Error al iniciar el servidor web
[SERVER] INFO: Deteniendo el servidor...
[SERVER] SUCCESS: Servidor detenido.
[SERVER] INFO: Iniciando Base de Datos
[SERVER] INFO: Se encontraron un total de 1 tablas en la base de datos
[SERVER] SUCCESS: Base de Datos iniciada
[SERVER] INFO: Iniciando Instancia
[SERVER] INFO: Iniciando Base de Datos
[SERVER] INFO: Se encontraron un total de 1 tablas en la base de datos
[SERVER] SUCCESS: Base de Datos iniciada
[SERVER] ERROR: [Errno 98] Address already in use
[SERVER] ERROR: Error al iniciar el servidor web
[SERVER] INFO: Deteniendo el servidor...
[SERVER] SUCCESS: Servidor detenido.
[SERVER] INFO: Iniciando Base de Datos
[SERVER] INFO: Se encontraron un total de 1 tablas en la base de datos
[SERVER] SUCCESS: Base de Datos iniciada
[SERVER] INFO: Iniciando Instancia
[SERVER] INFO: Iniciando Base de Datos
[SERVER] INFO: Se encontraron un total de 1 tablas en la base de datos
[SERVER] SUCCESS: Base de Datos iniciada
[SERVER] ERROR: [Errno 98] Address already in use
[SERVER] ERROR: Error al iniciar el servidor web
[SERVER] INFO: Deteniendo el servidor...
[SERVER] SUCCESS: Servidor detenido.
[SERVER] INFO: Iniciando Base de Datos
[SERVER] INFO: Se encontraron un total de 1 tablas en la base de datos
[SERVER] SUCCESS: Base de Datos iniciada
[SERVER] INFO: Iniciando Instancia
[SERVER] INFO: Iniciando Base de Datos
[SERVER] INFO: Se encontraron un total de 1 tablas en la base de datos
[SERVER] SUCCESS: Base de Datos iniciada
[SERVER] ERROR: [Errno 98] Address already in use
[SERVER] ERROR: Error al iniciar el servidor web
[SERVER] INFO: Deteniendo el servidor...
[SERVER] SUCCESS: Servidor detenido.
[SERVER] INFO: Iniciando Base de Datos
[SERVER] INFO: Se encontraron un total de 1 tablas en la base de datos
[SERVER] SUCCESS: Base de Datos iniciada
[SERVER] INFO: Iniciando Instancia
[SERVER] INFO: Iniciando Base de Datos
[SERVER] INFO: Se encontraron un total de 1 tablas en la base de datos
[SERVER] SUCCESS: Base de Datos iniciada
[SERVER] ERROR: [Errno 98] Address already in use
[SERVER] ERROR: Error al iniciar el servidor web
[SERVER] INFO: Deteniendo el servidor...
[SERVER] SUCCESS: Servidor detenido.
[SERVER] INFO: Iniciando Base de Datos
[SERVER] INFO: Se encontraron un total de 1 tablas en la base de datos
[SERVER] SUCCESS: Base de Datos iniciada
[SERVER] INFO: Iniciando Instancia
[SERVER] INFO: Iniciando Base de Datos
[SERVER] INFO: Se encontraron un total de 1 tablas en la base de datos
[SERVER] SUCCESS: Base de Datos iniciada
[SERVER] SUCCESS: Servidor iniciado en segundo plano sobre la siguiente dirección: http://localhost:1234
[SERVER] INFO: Iniciando Base de Datos
[SERVER] INFO: Se encontraron un total de 1 tablas en la base de datos
[SERVER] SUCCESS: Base de Datos iniciada
[SERVER] INFO: Iniciando Instancia
[SERVER] INFO: Iniciando Base de Datos
[SERVER] INFO: Se encontraron un total de 1 tablas en la base de datos
[SERVER] SUCCESS: Base de Datos iniciada
[SERVER] SUCCESS: Servidor iniciado en segundo plano sobre la siguiente dirección: http://localhost:1234
[SERVER] INFO: Iniciando Base de Datos
[SERVER] INFO: Se encontraron un total de 1 tablas en la base de datos
[SERVER] SUCCESS: Base de Datos iniciada
[SERVER] INFO: Iniciando Instancia
[SERVER] INFO: Iniciando Base de Datos
[SERVER] INFO: Se encontraron un total de 1 tablas en la base de datos
[SERVER] SUCCESS: Base de Datos iniciada
[SERVER] SUCCESS: Servidor iniciado en segundo plano sobre la siguiente dirección: http://localhost:1234
[SERVER] INFO: Iniciando Base de Datos
[SERVER] INFO: Se encontraron un total de 1 tablas en la base de datos
[SERVER] SUCCESS: Base de Datos iniciada
[SERVER] INFO: Iniciando Instancia
[SERVER] INFO: Iniciando Base de Datos
[SERVER] INFO: Se encontraron un total de 1 tablas en la base de datos
[SERVER] SUCCESS: Base de Datos iniciada
[SERVER] SUCCESS: Servidor iniciado en segundo plano sobre la siguiente dirección: http://localhost:1234
[SERVER] INFO: Deteniendo el servidor...
[SERVER] SUCCESS: Servidor detenido.
[SERVER] INFO: Iniciando Base de Datos
[SERVER] INFO: Se encontraron un total de 1 tablas en la base de datos
[SERVER] SUCCESS: Base de Datos iniciada
[SERVER] INFO: Iniciando Instancia
[SERVER] INFO: Iniciando Base de Datos
[SERVER] INFO: Se encontraron un total de 1 tablas en la base de datos
[SERVER] SUCCESS: Base de Datos iniciada
[SERVER] SUCCESS: Servidor iniciado en segundo plano sobre la siguiente dirección: http://localhost:1234
[SERVER] INFO: Se ha conectado con ('127.0.0.1', 45770)
[SERVER] INFO: Se ejecutó la función: index
[SERVER] INFO: Iniciando Base de Datos
[SERVER] INFO: Se encontraron un total de 1 tablas en la base de datos
[SERVER] SUCCESS: Base de Datos iniciada
[SERVER] INFO: Se ha conectado con ('127.0.0.1', 45774)
[SERVER] INFO: Deteniendo el servidor...
[SERVER] SUCCESS: Servidor detenido.
[SERVER] INFO: Iniciando Base de Datos
[SERVER] INFO: Se encontraron un total de 1 tablas en la base de datos
[SERVER] SUCCESS: Base de Datos iniciada
[SERVER] INFO: Iniciando Instancia
[SERVER] INFO: Iniciando Base de Datos
[SERVER] INFO: Se encontraron un total de 1 tablas en la base de datos
[SERVER] SUCCESS: Base de Datos iniciada
[SERVER] ERROR: [Errno 98] Address already in use
[SERVER] ERROR: Error al iniciar el servidor web
[SERVER] INFO: Deteniendo el servidor...
[SERVER] SUCCESS: Servidor detenido.
[SERVER] INFO: Iniciando Base de Datos
[SERVER] INFO: Se encontraron un total de 1 tablas en la base de datos
[SERVER] SUCCESS: Base de Datos iniciada
[SERVER] INFO: Iniciando Instancia
[SERVER] INFO: Iniciando Base de Datos
[SERVER] INFO: Se encontraron un total de 1 tablas en la base de datos
[SERVER] SUCCESS: Base de Datos iniciada
[SERVER] ERROR: [Errno 98] Address already in use
[SERVER] ERROR: Error al iniciar el servidor web
[SERVER] INFO: Deteniendo el servidor...
[SERVER] SUCCESS: Servidor detenido.
[SERVER] INFO: Iniciando Base de Datos
[SERVER] INFO: Se encontraron un total de 1 tablas en la base de datos
[SERVER] SUCCESS: Base de Datos iniciada
[SERVER] INFO: Iniciando Instancia
[SERVER] INFO: Iniciando Base de Datos
[SERVER] INFO: Se encontraron un total de 1 tablas en la base de datos
[SERVER] SUCCESS: Base de Datos iniciada
[SERVER] ERROR: [Errno 98] Address already in use
[SERVER] ERROR: Error al iniciar el servidor web
[SERVER] INFO: Deteniendo el servidor...
[SERVER] SUCCESS: Servidor detenido.
[SERVER] INFO: Iniciando Base de Datos
[SERVER] INFO: Se encontraron un total de 1 tablas en la base de datos
[SERVER] SUCCESS: Base de Datos iniciada
[SERVER] INFO: Iniciando Instancia
[SERVER] INFO: Iniciando Base de Datos
[SERVER] INFO: Se encontraron un total de 1 tablas en la base de datos
[SERVER] SUCCESS: Base de Datos iniciada
[SERVER] ERROR: [Errno 98] Address already in use
[SERVER] ERROR: Error al iniciar el servidor web
[SERVER] INFO: Deteniendo el servidor...
[SERVER] SUCCESS: Servidor detenido.
[SERVER] INFO: Iniciando Base de Datos
[SERVER] INFO: Se encontraron un total de 1 tablas en la base de datos
[SERVER] SUCCESS: Base de Datos iniciada
[SERVER] INFO: Iniciando Instancia
[SERVER] INFO: Iniciando Base de Datos
[SERVER] INFO: Se encontraron un total de 1 tablas en la base de datos
[SERVER] SUCCESS: Base de Datos iniciada
[SERVER] ERROR: [Errno 98] Address already in use
[SERVER] ERROR: Error al iniciar el servidor web
[SERVER] INFO: Deteniendo el servidor...
[SERVER] SUCCESS: Servidor detenido.
[SERVER] INFO: Iniciando Base de Datos
[SERVER] INFO: Se encontraron un total de 1 tablas en la base de datos
[SERVER] SUCCESS: Base de Datos iniciada
[SERVER] INFO: Iniciando Instancia
[SERVER] INFO: Iniciando Base de Datos
[SERVER] INFO: Se encontraron un total de 1 tablas en la base de datos
[SERVER] SUCCESS: Base de Datos iniciada
[SERVER] ERROR: [Errno 98] Address already in use
[SERVER] ERROR: Error al iniciar el servidor web
[SERVER] INFO: Deteniendo el servidor...
[SERVER] SUCCESS: Servidor detenido.
[SERVER] INFO: Iniciando Base de Datos
[SERVER] INFO: Se encontraron un total de 1 tablas en la base de datos
[SERVER] SUCCESS: Base de Datos iniciada
[SERVER] INFO: Iniciando Instancia
[SERVER] INFO: Iniciando Base de Datos
[SERVER] INFO: Se encontraron un total de 1 tablas en la base de datos
[SERVER] SUCCESS: Base de Datos iniciada
[SERVER] ERROR: [Errno 98] Address already in use
[SERVER] ERROR: Error al iniciar el servidor web
[SERVER] INFO: Deteniendo el servidor...
[SERVER] SUCCESS: Servidor detenido.
[SERVER] INFO: Iniciando Base de Datos
[SERVER] INFO: Se encontraron un total de 1 tablas en la base de datos
[SERVER] SUCCESS: Base de Datos iniciada
[SERVER] INFO: Iniciando Instancia
[SERVER] INFO: Iniciando Base de Datos
[SERVER] INFO: Se encontraron un total de 1 tablas en la base de datos
[SERVER] SUCCESS: Base de Datos iniciada
[SERVER] ERROR: [Errno 98] Address already in use
[SERVER] ERROR: Error al iniciar el servidor web
[SERVER] INFO: Deteniendo el servidor...
[SERVER] SUCCESS: Servidor detenido.
[SERVER] INFO: Iniciando Base de Datos
[SERVER] INFO: Se encontraron un total de 1 tablas en la base de datos
[SERVER] SUCCESS: Base de Datos iniciada
[SERVER] INFO: Iniciando Instancia
[SERVER] INFO: Iniciando Base de Datos
[SERVER] INFO: Se encontraron un total de 1 tablas en la base de datos
[SERVER] SUCCESS: Base de Datos iniciada
[SERVER] ERROR: [Errno 98] Address already in use
[SERVER] ERROR: Error al iniciar el servidor web
[SERVER] INFO: Deteniendo el servidor...
[SERVER] SUCCESS: Servidor detenido.
[SERVER] INFO: Iniciando Base de Datos
[SERVER] INFO: Se encontraron un total de 1 tablas en la base de datos
[SERVER] SUCCESS: Base de Datos iniciada
[SERVER] INFO: Iniciando Instancia
[SERVER] INFO: Iniciando Base de Datos
[SERVER] INFO: Se encontraron un total de 1 tablas en la base de datos
[SERVER] SUCCESS: Base de Datos iniciada
[SERVER] ERROR: [Errno 98] Address already in use
[SERVER] ERROR: Error al iniciar el servidor web
[SERVER] INFO: Deteniendo el servidor...
[SERVER] SUCCESS: Servidor detenido.
[SERVER] INFO: Iniciando Base de Datos
[SERVER] INFO: Se encontraron un total de 1 tablas en la base de datos
[SERVER] SUCCESS: Base de Datos iniciada
[SERVER] INFO: Iniciando Instancia
[SERVER] INFO: Iniciando Base de Datos
[SERVER] INFO: Se encontraron un total de 1 tablas en la base de datos
[SERVER] SUCCESS: Base de Datos iniciada
[SERVER] ERROR: [Errno 98] Address already in use
[SERVER] ERROR: Error al iniciar el servidor web
[SERVER] INFO: Deteniendo el servidor...
[SERVER] INFO: Iniciando Base de Datos
[SERVER] INFO: Se encontraron un total de 1 tablas en la base de datos
[SERVER] SUCCESS: Base de Datos iniciada
[SERVER] INFO: Iniciando Instancia
[SERVER] INFO: Iniciando Base de Datos
[SERVER] INFO: Se encontraron un total de 1 tablas en la base de datos
[SERVER] SUCCESS: Base de Datos iniciada
[SERVER] ERROR: [Errno 98] Address already in use
[SERVER] ERROR: Error al iniciar el servidor web
[SERVER] INFO: Deteniendo el servidor...
[SERVER] INFO: Iniciando Base de Datos
[SERVER] INFO: Se encontraron un total de 1 tablas en la base de datos
[SERVER] SUCCESS: Base de Datos iniciada
[SERVER] INFO: Iniciando Instancia
[SERVER] INFO: Iniciando Base de Datos
[SERVER] INFO: Se encontraron un total de 1 tablas en la base de datos
[SERVER] SUCCESS: Base de Datos iniciada
[SERVER] ERROR: [Errno 98] Address already in use
[SERVER] ERROR: Error al iniciar el servidor web
[SERVER] INFO: Deteniendo el servidor...
[SERVER] INFO: Iniciando Base de Datos
[SERVER] INFO: Se encontraron un total de 1 tablas en la base de datos
[SERVER] SUCCESS: Base de Datos iniciada
[SERVER] INFO: Iniciando Instancia
[SERVER] INFO: Iniciando Base de Datos
[SERVER] INFO: Se encontraron un total de 1 tablas en la base de datos
[SERVER] SUCCESS: Base de Datos iniciada
[SERVER] ERROR: [Errno 98] Address already in use
[SERVER] ERROR: Error al iniciar el servidor web
[SERVER] INFO: Iniciando Base de Datos
[SERVER] INFO: Se encontraron un total de 1 tablas en la base de datos
[SERVER] SUCCESS: Base de Datos iniciada
[SERVER] INFO: Iniciando Instancia
[SERVER] INFO: Iniciando Base de Datos
[SERVER] INFO: Se encontraron un total de 1 tablas en la base de datos
[SERVER] SUCCESS: Base de Datos iniciada
[SERVER] ERROR: [Errno 98] Address already in use
[SERVER] ERROR: Error al iniciar el servidor web
[SERVER] INFO: Iniciando Base de Datos
[SERVER] INFO: Se encontraron un total de 1 tablas en la base de datos
[SERVER] SUCCESS: Base de Datos iniciada
[SERVER] INFO: Iniciando Instancia
[SERVER] INFO: Iniciando Base de Datos
[SERVER] INFO: Se encontraron un total de 1 tablas en la base de datos
[SERVER] SUCCESS: Base de Datos iniciada
[SERVER] ERROR: [Errno 98] Address already in use
[SERVER] ERROR: Error al iniciar el servidor web
[SERVER] INFO: Iniciando Base de Datos
[SERVER] INFO: Se encontraron un total de 1 tablas en la base de datos
[SERVER] SUCCESS: Base de Datos iniciada
[SERVER] INFO: Iniciando Instancia
[SERVER] INFO: Iniciando Base de Datos
[SERVER] INFO: Se encontraron un total de 1 tablas en la base de datos
[SERVER] SUCCESS: Base de Datos iniciada
[SERVER] ERROR: [Errno 98] Address already in use
[SERVER] ERROR: Error al iniciar el servidor web
[SERVER] INFO: Iniciando Base de Datos
[SERVER] INFO: Se encontraron un total de 1 tablas en la base de datos
[SERVER] SUCCESS: Base de Datos iniciada
[SERVER] INFO: Iniciando Instancia
[SERVER] INFO: Iniciando Base de Datos
[SERVER] INFO: Se encontraron un total de 1 tablas en la base de datos
[SERVER] SUCCESS: Base de Datos iniciada
[SERVER] ERROR: [Errno 98] Address already in use
[SERVER] ERROR: Error al iniciar el servidor web
[SERVER] INFO: Iniciando Base de Datos
[SERVER] INFO: Se encontraron un total de 1 tablas en la base de datos
[SERVER] SUCCESS: Base de Datos iniciada
[SERVER] INFO: Iniciando Instancia
[SERVER] INFO: Iniciando Base de Datos
[SERVER] INFO: Se encontraron un total de 1 tablas en la base de datos
[SERVER] SUCCESS: Base de Datos iniciada
[SERVER] SUCCESS: Servidor iniciado en segundo plano sobre la siguiente dirección: http://localhost:1234
[SERVER] INFO: Se ha conectado con ('127.0.0.1', 59146)
[SERVER] INFO: Se ejecutó la función: index
[SERVER] INFO: Iniciando Base de Datos
[SERVER] INFO: Se encontraron un total de 1 tablas en la base de datos
[SERVER] SUCCESS: Base de Datos iniciada
[SERVER] INFO: Se ha conectado con ('127.0.0.1', 59152)
[SERVER] INFO: Servidor detenido correctamente.
[SERVER] INFO: Iniciando Base de Datos
[SERVER] INFO: Se encontraron un total de 1 tablas en la base de datos
[SERVER] SUCCESS: Base de Datos iniciada
[SERVER] INFO: Iniciando Instancia
[SERVER] INFO: Iniciando Base de Datos
[SERVER] INFO: Se encontraron un total de 1 tablas en la base de datos
[SERVER] SUCCESS: Base de Datos iniciada
[SERVER] ERROR: [Errno 98] Address already in use
[SERVER] ERROR: Error al iniciar el servidor web
[SERVER] INFO: Servidor detenido correctamente.
[SERVER] INFO: Iniciando Base de Datos
[SERVER] INFO: Se encontraron un total de 1 tablas en la base de datos
[SERVER] SUCCESS: Base de Datos iniciada
[SERVER] INFO: Iniciando Instancia
[SERVER] INFO: Iniciando Base de Datos
[SERVER] INFO: Se encontraron un total de 1 tablas en la base de datos
[SERVER] SUCCESS: Base de Datos iniciada
[SERVER] ERROR: [Errno 98] Address already in use
[SERVER] ERROR: Error al iniciar el servidor web
[SERVER] INFO: Servidor detenido correctamente.
[SERVER] INFO: Iniciando Base de Datos
[SERVER] INFO: Se encontraron un total de 1 tablas en la base de datos
[SERVER] SUCCESS: Base de Datos iniciada
[SERVER] INFO: Iniciando Instancia
[SERVER] INFO: Iniciando Base de Datos
[SERVER] INFO: Se encontraron un total de 1 tablas en la base de datos
[SERVER] SUCCESS: Base de Datos iniciada
[SERVER] ERROR: [Errno 98] Address already in use
[SERVER] ERROR: Error al iniciar el servidor web
[SERVER] INFO: Servidor detenido correctamente.
[SERVER] INFO: Iniciando Base de Datos
[SERVER] INFO: Se encontraron un total de 1 tablas en la base de datos
[SERVER] SUCCESS: Base de Datos iniciada
[SERVER] INFO: Iniciando Instancia
[SERVER] INFO: Iniciando Base de Datos
[SERVER] INFO: Se encontraron un total de 1 tablas en la base de datos
[SERVER] SUCCESS: Base de Datos iniciada
[SERVER] ERROR: [Errno 98] Address already in use
[SERVER] ERROR: Error al iniciar el servidor web
[SERVER] INFO: Servidor detenido correctamente.
[SERVER] INFO: Iniciando Base de Datos
[SERVER] INFO: Se encontraron un total de 1 tablas en la base de datos
[SERVER] SUCCESS: Base de Datos iniciada
[SERVER] INFO: Iniciando Instancia
[SERVER] INFO: Iniciando Base de Datos
[SERVER] INFO: Se encontraron un total de 1 tablas en la base de datos
[SERVER] SUCCESS: Base de Datos iniciada
[SERVER] ERROR: [Errno 98] Address already in use
[SERVER] ERROR: Error al iniciar el servidor web
[SERVER] INFO: Servidor detenido correctamente.
[SERVER] INFO: Iniciando Base de Datos
[SERVER] INFO: Se encontraron un total de 1 tablas en la base de datos
[SERVER] SUCCESS: Base de Datos iniciada
[SERVER] INFO: Iniciando Instancia
[SERVER] INFO: Iniciando Base de Datos
[SERVER] INFO: Se encontraron un total de 1 tablas en la base de datos
[SERVER] SUCCESS: Base de Datos iniciada
[SERVER] ERROR: [Errno 98] Address already in use
[SERVER] ERROR: Error al iniciar el servidor web
[SERVER] INFO: Servidor detenido correctamente.
[SERVER] INFO: Iniciando Base de Datos
[SERVER] INFO: Se encontraron un total de 1 tablas en la base de datos
[SERVER] SUCCESS: Base de Datos iniciada
[SERVER] INFO: Iniciando Instancia
[SERVER] INFO: Iniciando Base de Datos
[SERVER] INFO: Se encontraron un total de 1 tablas en la base de datos
[SERVER] SUCCESS: Base de Datos iniciada
[SERVER] ERROR: [Errno 98] Address already in use
[SERVER] ERROR: Error al iniciar el servidor web
[SERVER] INFO: Iniciando Base de Datos
[SERVER] INFO: Se encontraron un total de 1 tablas en la base de datos
[SERVER] SUCCESS: Base de Datos iniciada
[SERVER] INFO: Iniciando Instancia
[SERVER] INFO: Iniciando Base de Datos
[SERVER] INFO: Se encontraron un total de 1 tablas en la base de datos
[SERVER] SUCCESS: Base de Datos iniciada
[SERVER] ERROR: [Errno 98] Address already in use
[SERVER] ERROR: Error al iniciar el servidor web
[SERVER] INFO: Iniciando Base de Datos
[SERVER] INFO: Se encontraron un total de 1 tablas en la base de datos
[SERVER] SUCCESS: Base de Datos iniciada
[SERVER] INFO: Iniciando Instancia
[SERVER] INFO: Iniciando Base de Datos
[SERVER] INFO: Se encontraron un total de 1 tablas en la base de datos
[SERVER] SUCCESS: Base de Datos iniciada
[SERVER] ERROR: [Errno 98] Address already in use
[SERVER] ERROR: Error al iniciar el servidor web
[SERVER] INFO: Iniciando Base de Datos
[SERVER] INFO: Se encontraron un total de 1 tablas en la base de datos
[SERVER] SUCCESS: Base de Datos iniciada
[SERVER] INFO: Iniciando Instancia
[SERVER] INFO: Iniciando Base de Datos
[SERVER] INFO: Se encontraron un total de 1 tablas en la base de datos
[SERVER] SUCCESS: Base de Datos iniciada
[SERVER] ERROR: [Errno 98] Address already in use
[SERVER] ERROR: Error al iniciar el servidor web
[SERVER] INFO: Iniciando Base de Datos
[SERVER] INFO: Se encontraron un total de 1 tablas en la base de datos
[SERVER] SUCCESS: Base de Datos iniciada
[SERVER] INFO: Iniciando Instancia
[SERVER] INFO: Iniciando Base de Datos
[SERVER] INFO: Se encontraron un total de 1 tablas en la base de datos
[SERVER] SUCCESS: Base de Datos iniciada
[SERVER] ERROR: [Errno 98] Address already in use
[SERVER] ERROR: Error al iniciar el servidor web
[SERVER] INFO: Iniciando Base de Datos
[SERVER] INFO: Se encontraron un total de 1 tablas en la base de datos
[SERVER] SUCCESS: Base de Datos iniciada
[SERVER] INFO: Iniciando Instancia
[SERVER] INFO: Iniciando Base de Datos
[SERVER] INFO: Se encontraron un total de 1 tablas en la base de datos
[SERVER] SUCCESS: Base de Datos iniciada
[SERVER] ERROR: [Errno 98] Address already in use
[SERVER] ERROR: Error al iniciar el servidor web
[SERVER] INFO: Iniciando Base de Datos
[SERVER] INFO: Se encontraron un total de 1 tablas en la base de datos
[SERVER] SUCCESS: Base de Datos iniciada
[SERVER] INFO: Iniciando Instancia
[SERVER] INFO: Iniciando Base de Datos
[SERVER] INFO: Se encontraron un total de 1 tablas en la base de datos
[SERVER] SUCCESS: Base de Datos iniciada
[SERVER] ERROR: [Errno 98] Address already in use
[SERVER] ERROR: Error al iniciar el servidor web
[SERVER] INFO: Iniciando Base de Datos
[SERVER] INFO: Se encontraron un total de 1 tablas en la base de datos
[SERVER] SUCCESS: Base de Datos iniciada
[SERVER] INFO: Iniciando Instancia
[SERVER] INFO: Iniciando Base de Datos
[SERVER] INFO: Se encontraron un total de 1 tablas en la base de datos
[SERVER] SUCCESS: Base de Datos iniciada
[SERVER] ERROR: [Errno 98] Address already in use
[SERVER] ERROR: Error al iniciar el servidor web
[SERVER] INFO: Iniciando Base de Datos
[SERVER] INFO: Se encontraron un total de 1 tablas en la base de datos
[SERVER] SUCCESS: Base de Datos iniciada
[SERVER] INFO: Iniciando Instancia
[SERVER] INFO: Iniciando Base de Datos
[SERVER] INFO: Se encontraron un total de 1 tablas en la base de datos
[SERVER] SUCCESS: Base de Datos iniciada
[SERVER] ERROR: [Errno 98] Address already in use
[SERVER] ERROR: Error al iniciar el servidor web
[SERVER] INFO: Iniciando Base de Datos
[SERVER] INFO: Se encontraron un total de 1 tablas en la base de datos
[SERVER] SUCCESS: Base de Datos iniciada
[SERVER] INFO: Iniciando Instancia
[SERVER] INFO: Iniciando Base de Datos
[SERVER] INFO: Se encontraron un total de 1 tablas en la base de datos
[SERVER] SUCCESS: Base de Datos iniciada
[SERVER] ERROR: [Errno 98] Address already in use
[SERVER] ERROR: Error al iniciar el servidor web
[SERVER] INFO: Iniciando Base de Datos
[SERVER] INFO: Se encontraron un total de 1 tablas en la base de datos
[SERVER] SUCCESS: Base de Datos iniciada
[SERVER] INFO: Iniciando Instancia
[SERVER] INFO: Iniciando Base de Datos
[SERVER] INFO: Se encontraron un total de 1 tablas en la base de datos
[SERVER] SUCCESS: Base de Datos iniciada
[SERVER] ERROR: [Errno 98] Address already in use
[SERVER] ERROR: Error al iniciar el servidor web
[SERVER] INFO: Iniciando Base de Datos
[SERVER] INFO: Se encontraron un total de 1 tablas en la base de datos
[SERVER] SUCCESS: Base de Datos iniciada
[SERVER] INFO: Iniciando Instancia
[SERVER] INFO: Iniciando Base de Datos
[SERVER] INFO: Se encontraron un total de 1 tablas en la base de datos
[SERVER] SUCCESS: Base de Datos iniciada
[SERVER] ERROR: [Errno 98] Address already in use
[SERVER] ERROR: Error al iniciar el servidor web
[SERVER] INFO: Iniciando Base de Datos
[SERVER] INFO: Se encontraron un total de 1 tablas en la base de datos
[SERVER] SUCCESS: Base de Datos iniciada
[SERVER] INFO: Iniciando Instancia
[SERVER] INFO: Iniciando Base de Datos
[SERVER] INFO: Se encontraron un total de 1 tablas en la base de datos
[SERVER] SUCCESS: Base de Datos iniciada
[SERVER] ERROR: [Errno 98] Address already in use
[SERVER] ERROR: Error al iniciar el servidor web
[SERVER] INFO: Iniciando Base de Datos
[SERVER] INFO: Se encontraron un total de 1 tablas en la base de datos
[SERVER] SUCCESS: Base de Datos iniciada
[SERVER] INFO: Iniciando Instancia
[SERVER] INFO: Iniciando Base de Datos
[SERVER] INFO: Se encontraron un total de 1 tablas en la base de datos
[SERVER] SUCCESS: Base de Datos iniciada
[SERVER] ERROR: [Errno 98] Address already in use
[SERVER] ERROR: Error al iniciar el servidor web
[SERVER] INFO: Iniciando Base de Datos
[SERVER] INFO: Se encontraron un total de 1 tablas en la base de datos
[SERVER] SUCCESS: Base de Datos iniciada
[SERVER] INFO: Iniciando Instancia
[SERVER] INFO: Iniciando Base de Datos
[SERVER] INFO: Se encontraron un total de 1 tablas en la base de datos
[SERVER] SUCCESS: Base de Datos iniciada
[SERVER] ERROR: [Errno 98] Address already in use
[SERVER] ERROR: Error al iniciar el servidor web
[SERVER] INFO: Iniciando Base de Datos
[SERVER] INFO: Se encontraron un total de 1 tablas en la base de datos
[SERVER] SUCCESS: Base de Datos iniciada
[SERVER] INFO: Iniciando Instancia
[SERVER] INFO: Iniciando Base de Datos
[SERVER] INFO: Se encontraron un total de 1 tablas en la base de datos
[SERVER] SUCCESS: Base de Datos iniciada
[SERVER] ERROR: [Errno 98] Address already in use
[SERVER] ERROR: Error al iniciar el servidor web
[SERVER] INFO: Iniciando Base de Datos
[SERVER] INFO: Se encontraron un total de 1 tablas en la base de datos
[SERVER] SUCCESS: Base de Datos iniciada
[SERVER] INFO: Iniciando Instancia
[SERVER] INFO: Iniciando Base de Datos
[SERVER] INFO: Se encontraron un total de 1 tablas en la base de datos
[SERVER] SUCCESS: Base de Datos iniciada
[SERVER] SUCCESS: Servidor iniciado en segundo plano sobre la siguiente dirección: http://localhost:1234
[SERVER] INFO: Se ha conectado con ('127.0.0.1', 47694)
[SERVER] INFO: Se ejecutó la función: index
[SERVER] INFO: Iniciando Base de Datos
[SERVER] INFO: Se encontraron un total de 1 tablas en la base de datos
[SERVER] SUCCESS: Base de Datos iniciada
[SERVER] INFO: Iniciando Base de Datos
[SERVER] INFO: Se encontraron un total de 1 tablas en la base de datos
[SERVER] SUCCESS: Base de Datos iniciada
[SERVER] INFO: Iniciando Instancia
[SERVER] INFO: Iniciando Base de Datos
[SERVER] INFO: Se encontraron un total de 1 tablas en la base de datos
[SERVER] SUCCESS: Base de Datos iniciada
[SERVER] ERROR: [Errno 98] Address already in use
[SERVER] ERROR: Error al iniciar el servidor web
[SERVER] INFO: Iniciando Base de Datos
[SERVER] INFO: Se encontraron un total de 1 tablas en la base de datos
[SERVER] SUCCESS: Base de Datos iniciada
[SERVER] INFO: Iniciando Instancia
[SERVER] INFO: Iniciando Base de Datos
[SERVER] INFO: Se encontraron un total de 1 tablas en la base de datos
[SERVER] SUCCESS: Base de Datos iniciada
[SERVER] ERROR: [Errno 98] Address already in use
[SERVER] ERROR: Error al iniciar el servidor web
[SERVER] INFO: Iniciando Base de Datos
[SERVER] INFO: Se encontraron un total de 1 tablas en la base de datos
[SERVER] SUCCESS: Base de Datos iniciada
[SERVER] INFO: Iniciando Instancia
[SERVER] INFO: Iniciando Base de Datos
[SERVER] INFO: Se encontraron un total de 1 tablas en la base de datos
[SERVER] SUCCESS: Base de Datos iniciada
[SERVER] ERROR: [Errno 98] Address already in use
[SERVER] ERROR: Error al iniciar el servidor web
[SERVER] INFO: Iniciando Base de Datos
[SERVER] INFO: Se encontraron un total de 1 tablas en la base de datos
[SERVER] SUCCESS: Base de Datos iniciada
[SERVER] INFO: Iniciando Instancia
[SERVER] INFO: Iniciando Base de Datos
[SERVER] INFO: Se encontraron un total de 1 tablas en la base de datos
[SERVER] SUCCESS: Base de Datos iniciada
[SERVER] ERROR: [Errno 98] Address already in use
[SERVER] ERROR: Error al iniciar el servidor web
[SERVER] INFO: Iniciando Base de Datos
[SERVER] INFO: Se encontraron un total de 1 tablas en la base de datos
[SERVER] SUCCESS: Base de Datos iniciada
[SERVER] INFO: Iniciando Instancia
[SERVER] INFO: Iniciando Base de Datos
[SERVER] INFO: Se encontraron un total de 1 tablas en la base de datos
[SERVER] SUCCESS: Base de Datos iniciada
[SERVER] ERROR: [Errno 98] Address already in use
[SERVER] ERROR: Error al iniciar el servidor web
[SERVER] INFO: Iniciando Base de Datos
[SERVER] INFO: Se encontraron un total de 1 tablas en la base de datos
[SERVER] SUCCESS: Base de Datos iniciada
[SERVER] INFO: Iniciando Instancia
[SERVER] INFO: Iniciando Base de Datos
[SERVER] INFO: Se encontraron un total de 1 tablas en la base de datos
[SERVER] SUCCESS: Base de Datos iniciada
[SERVER] ERROR: [Errno 98] Address already in use
[SERVER] ERROR: Error al iniciar el servidor web
[SERVER] INFO: Iniciando Base de Datos
[SERVER] INFO: Se encontraron un total de 1 tablas en la base de datos
[SERVER] SUCCESS: Base de Datos iniciada
[SERVER] INFO: Iniciando Instancia
[SERVER] INFO: Iniciando Base de Datos
[SERVER] INFO: Se encontraron un total de 1 tablas en la base de datos
[SERVER] SUCCESS: Base de Datos iniciada
[SERVER] ERROR: [Errno 98] Address already in use
[SERVER] ERROR: Error al iniciar el servidor web
[SERVER] INFO: Iniciando Base de Datos
[SERVER] INFO: Se encontraron un total de 1 tablas en la base de datos
[SERVER] SUCCESS: Base de Datos iniciada
[SERVER] INFO: Iniciando Instancia
[SERVER] INFO: Iniciando Base de Datos
[SERVER] INFO: Se encontraron un total de 1 tablas en la base de datos
[SERVER] SUCCESS: Base de Datos iniciada
[SERVER] ERROR: [Errno 98] Address already in use
[SERVER] ERROR: Error al iniciar el servidor web
[SERVER] INFO: Iniciando Base de Datos
[SERVER] INFO: Se encontraron un total de 1 tablas en la base de datos
[SERVER] SUCCESS: Base de Datos iniciada
[SERVER] INFO: Iniciando Instancia
[SERVER] INFO: Iniciando Base de Datos
[SERVER] INFO: Se encontraron un total de 1 tablas en la base de datos
[SERVER] SUCCESS: Base de Datos iniciada
[SERVER] ERROR: [Errno 98] Address already in use
[SERVER] ERROR: Error al iniciar el servidor web
[SERVER] INFO: Iniciando Base de Datos
[SERVER] INFO: Se encontraron un total de 1 tablas en la base de datos
[SERVER] SUCCESS: Base de Datos iniciada
[SERVER] INFO: Iniciando Instancia
[SERVER] INFO: Iniciando Base de Datos
[SERVER] INFO: Se encontraron un total de 1 tablas en la base de datos
[SERVER] SUCCESS: Base de Datos iniciada
[SERVER] ERROR: [Errno 98] Address already in use
[SERVER] ERROR: Error al iniciar el servidor web
[SERVER] INFO: Iniciando Base de Datos
[SERVER] INFO: Se encontraron un total de 1 tablas en la base de datos
[SERVER] SUCCESS: Base de Datos iniciada
[SERVER] INFO: Iniciando Instancia
[SERVER] INFO: Iniciando Base de Datos
[SERVER] INFO: Se encontraron un total de 1 tablas en la base de datos
[SERVER] SUCCESS: Base de Datos iniciada
[SERVER] ERROR: [Errno 98] Address already in use
[SERVER] ERROR: Error al iniciar el servidor web
[SERVER] INFO: Iniciando Base de Datos
[SERVER] INFO: Se encontraron un total de 1 tablas en la base de datos
[SERVER] SUCCESS: Base de Datos iniciada
[SERVER] INFO: Iniciando Instancia
[SERVER] INFO: Iniciando Base de Datos
[SERVER] INFO: Se encontraron un total de 1 tablas en la base de datos
[SERVER] SUCCESS: Base de Datos iniciada
[SERVER] ERROR: [Errno 98] Address already in use
[SERVER] ERROR: Error al iniciar el servidor web
[SERVER] INFO: Iniciando Base de Datos
[SERVER] INFO: Se encontraron un total de 1 tablas en la base de datos
[SERVER] SUCCESS: Base de Datos iniciada
[SERVER] INFO: Iniciando Instancia
[SERVER] INFO: Iniciando Base de Datos
[SERVER] INFO: Se encontraron un total de 1 tablas en la base de datos
[SERVER] SUCCESS: Base de Datos iniciada
[SERVER] ERROR: [Errno 98] Address already in use
[SERVER] ERROR: Error al iniciar el servidor web
[SERVER] INFO: Iniciando Base de Datos
[SERVER] INFO: Se encontraron un total de 1 tablas en la base de datos
[SERVER] SUCCESS: Base de Datos iniciada
[SERVER] INFO: Iniciando Instancia
[SERVER] INFO: Iniciando Base de Datos
[SERVER] INFO: Se encontraron un total de 1 tablas en la base de datos
[SERVER] SUCCESS: Base de Datos iniciada
[SERVER] ERROR: [Errno 98] Address already in use
[SERVER] ERROR: Error al iniciar el servidor web
[SERVER] INFO: Iniciando Base de Datos
[SERVER] INFO: Se encontraron un total de 1 tablas en la base de datos
[SERVER] SUCCESS: Base de Datos iniciada
[SERVER] INFO: Iniciando Instancia
[SERVER] INFO: Iniciando Base de Datos
[SERVER] INFO: Se encontraron un total de 1 tablas en la base de datos
[SERVER] SUCCESS: Base de Datos iniciada
[SERVER] SUCCESS: Servidor iniciado en segundo plano sobre la siguiente dirección: http://localhost:1234
[SERVER] INFO: Se ha conectado con ('127.0.0.1', 43028)
[SERVER] INFO: Se ejecutó la función: index
[SERVER] INFO: Iniciando Base de Datos
[SERVER] INFO: Se encontraron un total de 1 tablas en la base de datos
[SERVER] SUCCESS: Base de Datos iniciada
[SERVER] INFO: Se ha conectado con ('127.0.0.1', 43040)
[SERVER] INFO: Se ha conectado con ('127.0.0.1', 43056)
[SERVER] INFO: Se ejecutó la función: index
[SERVER] INFO: Iniciando Base de Datos
[SERVER] INFO: Se encontraron un total de 1 tablas en la base de datos
[SERVER] SUCCESS: Base de Datos iniciada
[SERVER] INFO: Se ha conectado con ('127.0.0.1', 43058)
[SERVER] INFO: Se ha conectado con ('127.0.0.1', 43062)
[SERVER] INFO: Se ejecutó la función: index
[SERVER] INFO: Iniciando Base de Datos
[SERVER] INFO: Se encontraron un total de 1 tablas en la base de datos
[SERVER] SUCCESS: Base de Datos iniciada
[SERVER] INFO: Se ha conectado con ('127.0.0.1', 43072)
[SERVER] INFO: Se ha conectado con ('127.0.0.1', 43074)
[SERVER] INFO: Se ejecutó la función: index
[SERVER] INFO: Iniciando Base de Datos
[SERVER] INFO: Se encontraron un total de 1 tablas en la base de datos
[SERVER] SUCCESS: Base de Datos iniciada
[SERVER] INFO: Se ha conectado con ('127.0.0.1', 43078)
[SERVER] INFO: Se ha conectado con ('127.0.0.1', 43094)
[SERVER] INFO: Se ejecutó la función: insert
[SERVER] INFO: Iniciando Base de Datos
[SERVER] INFO: Se encontraron un total de 1 tablas en la base de datos
[SERVER] SUCCESS: Base de Datos iniciada
[SERVER] INFO: Se ha conectado con ('127.0.0.1', 43110)
[SERVER] INFO: Se ejecutó la función: index
[SERVER] INFO: Iniciando Base de Datos
[SERVER] INFO: Se encontraron un total de 1 tablas en la base de datos
[SERVER] SUCCESS: Base de Datos iniciada
[SERVER] INFO: Se ha conectado con ('127.0.0.1', 43120)
[SERVER] INFO: Iniciando Base de Datos
[SERVER] INFO: Se encontraron un total de 1 tablas en la base de datos
[SERVER] SUCCESS: Base de Datos iniciada
[SERVER] INFO: Iniciando Instancia
[SERVER] INFO: Iniciando Base de Datos
[SERVER] INFO: Se encontraron un total de 1 tablas en la base de datos
[SERVER] SUCCESS: Base de Datos iniciada
[SERVER] ERROR: [Errno 98] Address already in use
[SERVER] ERROR: Error al iniciar el servidor web
[SERVER] INFO: Iniciando Base de Datos
[SERVER] INFO: Se encontraron un total de 1 tablas en la base de datos
[SERVER] SUCCESS: Base de Datos iniciada
[SERVER] INFO: Iniciando Instancia
[SERVER] INFO: Iniciando Base de Datos
[SERVER] INFO: Se encontraron un total de 1 tablas en la base de datos
[SERVER] SUCCESS: Base de Datos iniciada
[SERVER] SUCCESS: Servidor iniciado en segundo plano sobre la siguiente dirección: http://localhost:1234
